<?xml version="1.0" encoding="UTF-8"?>
<testsuites name="jest tests" tests="5" failures="3" time="2.913">
  <testsuite name="GET /v1/students should" errors="0" failures="3" skipped="0" timestamp="2020-02-29T16:43:49" time="1.909" tests="5">
    <testcase classname="GET /v1/students should return all students" name="GET /v1/students should return all students" time="0.091">
    </testcase>
    <testcase classname="GET /v1/students/:id should return student based on id" name="GET /v1/students/:id should return student based on id" time="0.023">
      <failure>Error: ER_PARSE_ERROR: You have an error in your SQL syntax; check the manual that corresponds to your MariaDB server version for the right syntax to use near &apos;[object Object]&apos; at line 1
    at Query.Object.&lt;anonymous&gt;.Sequence._packetToError (/home/vinicius/codenation/nodejs-9/node_modules/mysql/lib/protocol/sequences/Sequence.js:47:14)
    at Query.Object.&lt;anonymous&gt;.Query.ErrorPacket (/home/vinicius/codenation/nodejs-9/node_modules/mysql/lib/protocol/sequences/Query.js:79:18)
    at Protocol.Object.&lt;anonymous&gt;.Protocol._parsePacket (/home/vinicius/codenation/nodejs-9/node_modules/mysql/lib/protocol/Protocol.js:291:23)
    at Parser._parsePacket (/home/vinicius/codenation/nodejs-9/node_modules/mysql/lib/protocol/Parser.js:433:10)
    at Parser.write (/home/vinicius/codenation/nodejs-9/node_modules/mysql/lib/protocol/Parser.js:43:10)
    at Protocol.Object.&lt;anonymous&gt;.Protocol.write (/home/vinicius/codenation/nodejs-9/node_modules/mysql/lib/protocol/Protocol.js:38:16)
    at Socket.&lt;anonymous&gt; (/home/vinicius/codenation/nodejs-9/node_modules/mysql/lib/Connection.js:88:28)
    at Socket.&lt;anonymous&gt; (/home/vinicius/codenation/nodejs-9/node_modules/mysql/lib/Connection.js:526:10)
    at emitOne (events.js:116:13)
    at Socket.emit (events.js:211:7)
    at addChunk (_stream_readable.js:263:12)
    at readableAddChunk (_stream_readable.js:250:11)
    at Socket.Readable.push (_stream_readable.js:208:10)
    at TCP.onread (net.js:607:20)
    --------------------
    at Protocol.Object.&lt;anonymous&gt;.Protocol._enqueue (/home/vinicius/codenation/nodejs-9/node_modules/mysql/lib/protocol/Protocol.js:144:48)
    at Connection.query (/home/vinicius/codenation/nodejs-9/node_modules/mysql/lib/Connection.js:198:25)
    at Promise (/home/vinicius/codenation/nodejs-9/db/helper.js:8:16)
    at new Promise (&lt;anonymous&gt;)
    at queryHelper (/home/vinicius/codenation/nodejs-9/db/helper.js:7:10)
    at Object.findById (/home/vinicius/codenation/nodejs-9/src/controllers/models.js:13:26)
    at Object.&lt;anonymous&gt;.Students.getById (/home/vinicius/codenation/nodejs-9/src/controllers/index.js:13:30)
    at Layer.handle [as handle_request] (/home/vinicius/codenation/nodejs-9/node_modules/express/lib/router/layer.js:95:5)
    at next (/home/vinicius/codenation/nodejs-9/node_modules/express/lib/router/route.js:137:13)
    at Route.dispatch (/home/vinicius/codenation/nodejs-9/node_modules/express/lib/router/route.js:112:3)
    at Layer.handle [as handle_request] (/home/vinicius/codenation/nodejs-9/node_modules/express/lib/router/layer.js:95:5)
    at /home/vinicius/codenation/nodejs-9/node_modules/express/lib/router/index.js:281:22
    at param (/home/vinicius/codenation/nodejs-9/node_modules/express/lib/router/index.js:354:14)
    at param (/home/vinicius/codenation/nodejs-9/node_modules/express/lib/router/index.js:365:14)
    at Function.process_params (/home/vinicius/codenation/nodejs-9/node_modules/express/lib/router/index.js:410:3)
    at next (/home/vinicius/codenation/nodejs-9/node_modules/express/lib/router/index.js:275:10)
    at Function.handle (/home/vinicius/codenation/nodejs-9/node_modules/express/lib/router/index.js:174:3)
    at router (/home/vinicius/codenation/nodejs-9/node_modules/express/lib/router/index.js:47:12)
    at Layer.handle [as handle_request] (/home/vinicius/codenation/nodejs-9/node_modules/express/lib/router/layer.js:95:5)
    at trim_prefix (/home/vinicius/codenation/nodejs-9/node_modules/express/lib/router/index.js:317:13)
    at /home/vinicius/codenation/nodejs-9/node_modules/express/lib/router/index.js:284:7
    at Function.process_params (/home/vinicius/codenation/nodejs-9/node_modules/express/lib/router/index.js:335:12)
    at next (/home/vinicius/codenation/nodejs-9/node_modules/express/lib/router/index.js:275:10)
    at Function.handle (/home/vinicius/codenation/nodejs-9/node_modules/express/lib/router/index.js:174:3)
    at router (/home/vinicius/codenation/nodejs-9/node_modules/express/lib/router/index.js:47:12)
    at Layer.handle [as handle_request] (/home/vinicius/codenation/nodejs-9/node_modules/express/lib/router/layer.js:95:5)
    at trim_prefix (/home/vinicius/codenation/nodejs-9/node_modules/express/lib/router/index.js:317:13)
    at /home/vinicius/codenation/nodejs-9/node_modules/express/lib/router/index.js:284:7
    at Function.process_params (/home/vinicius/codenation/nodejs-9/node_modules/express/lib/router/index.js:335:12)
    at next (/home/vinicius/codenation/nodejs-9/node_modules/express/lib/router/index.js:275:10)
    at jsonParser (/home/vinicius/codenation/nodejs-9/node_modules/body-parser/lib/types/json.js:110:7)
    at Layer.handle [as handle_request] (/home/vinicius/codenation/nodejs-9/node_modules/express/lib/router/layer.js:95:5)
    at trim_prefix (/home/vinicius/codenation/nodejs-9/node_modules/express/lib/router/index.js:317:13)
    at /home/vinicius/codenation/nodejs-9/node_modules/express/lib/router/index.js:284:7
    at Function.process_params (/home/vinicius/codenation/nodejs-9/node_modules/express/lib/router/index.js:335:12)
    at next (/home/vinicius/codenation/nodejs-9/node_modules/express/lib/router/index.js:275:10)
    at expressInit (/home/vinicius/codenation/nodejs-9/node_modules/express/lib/middleware/init.js:40:5)
    at Layer.handle [as handle_request] (/home/vinicius/codenation/nodejs-9/node_modules/express/lib/router/layer.js:95:5)
    at trim_prefix (/home/vinicius/codenation/nodejs-9/node_modules/express/lib/router/index.js:317:13)
    at /home/vinicius/codenation/nodejs-9/node_modules/express/lib/router/index.js:284:7
    at Function.process_params (/home/vinicius/codenation/nodejs-9/node_modules/express/lib/router/index.js:335:12)
    at next (/home/vinicius/codenation/nodejs-9/node_modules/express/lib/router/index.js:275:10)
    at query (/home/vinicius/codenation/nodejs-9/node_modules/express/lib/middleware/query.js:45:5)
    at Layer.handle [as handle_request] (/home/vinicius/codenation/nodejs-9/node_modules/express/lib/router/layer.js:95:5)
    at trim_prefix (/home/vinicius/codenation/nodejs-9/node_modules/express/lib/router/index.js:317:13)
    at /home/vinicius/codenation/nodejs-9/node_modules/express/lib/router/index.js:284:7
    at Function.process_params (/home/vinicius/codenation/nodejs-9/node_modules/express/lib/router/index.js:335:12)
    at next (/home/vinicius/codenation/nodejs-9/node_modules/express/lib/router/index.js:275:10)
    at Function.handle (/home/vinicius/codenation/nodejs-9/node_modules/express/lib/router/index.js:174:3)
    at Function.handle (/home/vinicius/codenation/nodejs-9/node_modules/express/lib/application.js:174:10)
    at Server.app (/home/vinicius/codenation/nodejs-9/node_modules/express/lib/express.js:39:9)
    at emitTwo (events.js:126:13)
    at Server.emit (events.js:214:7)
    at parserOnIncoming (_http_server.js:619:12)
    at HTTPParser.parserOnHeadersComplete (_http_common.js:115:23)</failure>
    </testcase>
    <testcase classname="POST /v1/students should create a new occurence" name="POST /v1/students should create a new occurence" time="0.059">
      <failure>Error: ER_PARSE_ERROR: You have an error in your SQL syntax; check the manual that corresponds to your MariaDB server version for the right syntax to use near &apos;[object Object]&apos; at line 1
    at Query.Object.&lt;anonymous&gt;.Sequence._packetToError (/home/vinicius/codenation/nodejs-9/node_modules/mysql/lib/protocol/sequences/Sequence.js:47:14)
    at Query.Object.&lt;anonymous&gt;.Query.ErrorPacket (/home/vinicius/codenation/nodejs-9/node_modules/mysql/lib/protocol/sequences/Query.js:79:18)
    at Protocol.Object.&lt;anonymous&gt;.Protocol._parsePacket (/home/vinicius/codenation/nodejs-9/node_modules/mysql/lib/protocol/Protocol.js:291:23)
    at Parser._parsePacket (/home/vinicius/codenation/nodejs-9/node_modules/mysql/lib/protocol/Parser.js:433:10)
    at Parser.write (/home/vinicius/codenation/nodejs-9/node_modules/mysql/lib/protocol/Parser.js:43:10)
    at Protocol.Object.&lt;anonymous&gt;.Protocol.write (/home/vinicius/codenation/nodejs-9/node_modules/mysql/lib/protocol/Protocol.js:38:16)
    at Socket.&lt;anonymous&gt; (/home/vinicius/codenation/nodejs-9/node_modules/mysql/lib/Connection.js:88:28)
    at Socket.&lt;anonymous&gt; (/home/vinicius/codenation/nodejs-9/node_modules/mysql/lib/Connection.js:526:10)
    at emitOne (events.js:116:13)
    at Socket.emit (events.js:211:7)
    at addChunk (_stream_readable.js:263:12)
    at readableAddChunk (_stream_readable.js:250:11)
    at Socket.Readable.push (_stream_readable.js:208:10)
    at TCP.onread (net.js:607:20)
    --------------------
    at Protocol.Object.&lt;anonymous&gt;.Protocol._enqueue (/home/vinicius/codenation/nodejs-9/node_modules/mysql/lib/protocol/Protocol.js:144:48)
    at Connection.query (/home/vinicius/codenation/nodejs-9/node_modules/mysql/lib/Connection.js:198:25)
    at Promise (/home/vinicius/codenation/nodejs-9/db/helper.js:8:16)
    at new Promise (&lt;anonymous&gt;)
    at queryHelper (/home/vinicius/codenation/nodejs-9/db/helper.js:7:10)
    at Object.findById (/home/vinicius/codenation/nodejs-9/src/controllers/models.js:13:26)
    at Object.&lt;anonymous&gt;.Students.getById (/home/vinicius/codenation/nodejs-9/src/controllers/index.js:13:30)
    at Layer.handle [as handle_request] (/home/vinicius/codenation/nodejs-9/node_modules/express/lib/router/layer.js:95:5)
    at next (/home/vinicius/codenation/nodejs-9/node_modules/express/lib/router/route.js:137:13)
    at Route.dispatch (/home/vinicius/codenation/nodejs-9/node_modules/express/lib/router/route.js:112:3)
    at Layer.handle [as handle_request] (/home/vinicius/codenation/nodejs-9/node_modules/express/lib/router/layer.js:95:5)
    at /home/vinicius/codenation/nodejs-9/node_modules/express/lib/router/index.js:281:22
    at param (/home/vinicius/codenation/nodejs-9/node_modules/express/lib/router/index.js:354:14)
    at param (/home/vinicius/codenation/nodejs-9/node_modules/express/lib/router/index.js:365:14)
    at Function.process_params (/home/vinicius/codenation/nodejs-9/node_modules/express/lib/router/index.js:410:3)
    at next (/home/vinicius/codenation/nodejs-9/node_modules/express/lib/router/index.js:275:10)
    at Function.handle (/home/vinicius/codenation/nodejs-9/node_modules/express/lib/router/index.js:174:3)
    at router (/home/vinicius/codenation/nodejs-9/node_modules/express/lib/router/index.js:47:12)
    at Layer.handle [as handle_request] (/home/vinicius/codenation/nodejs-9/node_modules/express/lib/router/layer.js:95:5)
    at trim_prefix (/home/vinicius/codenation/nodejs-9/node_modules/express/lib/router/index.js:317:13)
    at /home/vinicius/codenation/nodejs-9/node_modules/express/lib/router/index.js:284:7
    at Function.process_params (/home/vinicius/codenation/nodejs-9/node_modules/express/lib/router/index.js:335:12)
    at next (/home/vinicius/codenation/nodejs-9/node_modules/express/lib/router/index.js:275:10)
    at Function.handle (/home/vinicius/codenation/nodejs-9/node_modules/express/lib/router/index.js:174:3)
    at router (/home/vinicius/codenation/nodejs-9/node_modules/express/lib/router/index.js:47:12)
    at Layer.handle [as handle_request] (/home/vinicius/codenation/nodejs-9/node_modules/express/lib/router/layer.js:95:5)
    at trim_prefix (/home/vinicius/codenation/nodejs-9/node_modules/express/lib/router/index.js:317:13)
    at /home/vinicius/codenation/nodejs-9/node_modules/express/lib/router/index.js:284:7
    at Function.process_params (/home/vinicius/codenation/nodejs-9/node_modules/express/lib/router/index.js:335:12)
    at next (/home/vinicius/codenation/nodejs-9/node_modules/express/lib/router/index.js:275:10)
    at jsonParser (/home/vinicius/codenation/nodejs-9/node_modules/body-parser/lib/types/json.js:110:7)
    at Layer.handle [as handle_request] (/home/vinicius/codenation/nodejs-9/node_modules/express/lib/router/layer.js:95:5)
    at trim_prefix (/home/vinicius/codenation/nodejs-9/node_modules/express/lib/router/index.js:317:13)
    at /home/vinicius/codenation/nodejs-9/node_modules/express/lib/router/index.js:284:7
    at Function.process_params (/home/vinicius/codenation/nodejs-9/node_modules/express/lib/router/index.js:335:12)
    at next (/home/vinicius/codenation/nodejs-9/node_modules/express/lib/router/index.js:275:10)
    at expressInit (/home/vinicius/codenation/nodejs-9/node_modules/express/lib/middleware/init.js:40:5)
    at Layer.handle [as handle_request] (/home/vinicius/codenation/nodejs-9/node_modules/express/lib/router/layer.js:95:5)
    at trim_prefix (/home/vinicius/codenation/nodejs-9/node_modules/express/lib/router/index.js:317:13)
    at /home/vinicius/codenation/nodejs-9/node_modules/express/lib/router/index.js:284:7
    at Function.process_params (/home/vinicius/codenation/nodejs-9/node_modules/express/lib/router/index.js:335:12)
    at next (/home/vinicius/codenation/nodejs-9/node_modules/express/lib/router/index.js:275:10)
    at query (/home/vinicius/codenation/nodejs-9/node_modules/express/lib/middleware/query.js:45:5)
    at Layer.handle [as handle_request] (/home/vinicius/codenation/nodejs-9/node_modules/express/lib/router/layer.js:95:5)
    at trim_prefix (/home/vinicius/codenation/nodejs-9/node_modules/express/lib/router/index.js:317:13)
    at /home/vinicius/codenation/nodejs-9/node_modules/express/lib/router/index.js:284:7
    at Function.process_params (/home/vinicius/codenation/nodejs-9/node_modules/express/lib/router/index.js:335:12)
    at next (/home/vinicius/codenation/nodejs-9/node_modules/express/lib/router/index.js:275:10)
    at Function.handle (/home/vinicius/codenation/nodejs-9/node_modules/express/lib/router/index.js:174:3)
    at Function.handle (/home/vinicius/codenation/nodejs-9/node_modules/express/lib/application.js:174:10)
    at Server.app (/home/vinicius/codenation/nodejs-9/node_modules/express/lib/express.js:39:9)
    at emitTwo (events.js:126:13)
    at Server.emit (events.js:214:7)
    at parserOnIncoming (_http_server.js:619:12)
    at HTTPParser.parserOnHeadersComplete (_http_common.js:115:23)</failure>
    </testcase>
    <testcase classname="PATCH /v1/students/:id should update occurrence based on id" name="PATCH /v1/students/:id should update occurrence based on id" time="0.131">
      <failure>Error: expect(received).toBe(expected) // Object.is equality

Expected: 200
Received: 404
    at Object.test (/home/vinicius/codenation/nodejs-9/test/server.submit.test.js:108:33)
    at &lt;anonymous&gt;
    at process._tickCallback (internal/process/next_tick.js:188:7)</failure>
    </testcase>
    <testcase classname="DELETE /v1/students/:id should delete occurrence based on id" name="DELETE /v1/students/:id should delete occurrence based on id" time="0.075">
    </testcase>
  </testsuite>
</testsuites>