<?xml version="1.0" encoding="UTF-8"?>
<testsuites name="jest tests" tests="2" failures="0" time="1.647">
  <testsuite name="Random Movies API Endpoints..." errors="0" failures="0" skipped="0" timestamp="2020-02-01T14:45:39" time="1.056" tests="2">
    <testcase classname="Random Movies API Endpoints... /v1/movie" name="Random Movies API Endpoints... /v1/movie" time="0.036">
    </testcase>
    <testcase classname="Random Movies API Endpoints... /v1/movie/:director" name="Random Movies API Endpoints... /v1/movie/:director" time="0.008">
    </testcase>
  </testsuite>
</testsuites>