<?xml version="1.0" encoding="UTF-8"?>
<testsuites name="Mocha Tests" time="9.564" tests="6" failures="2">
  <testsuite name="Root Suite" timestamp="2020-01-30T06:06:56" tests="0" failures="0" time="0">
  </testsuite>
  <testsuite name="Fifa data processing" timestamp="2020-01-30T06:06:56" tests="6" file="/home/vinicius/codenation/nodejs-1/test/submit.test.js" failures="2" time="9.564">
    <testcase name="Fifa data processing q1" time="1.596" classname="q1">
    </testcase>
    <testcase name="Fifa data processing q2" time="1.772" classname="q2">
    </testcase>
    <testcase name="Fifa data processing q3" time="1.444" classname="q3">
    </testcase>
    <testcase name="Fifa data processing q4" time="1.521" classname="q4">
      <failure message="expected [ Array(10) ] to have the same members as [ Array(10) ]" type="AssertionError"><![CDATA[AssertionError: expected [ Array(10) ] to have the same members as [ Array(10) ]
    at Context.it (test/submit.test.js:47:32)]]></failure>
    </testcase>
    <testcase name="Fifa data processing q5" time="1.694" classname="q5">
      <failure message="expected [ Array(10) ] to have the same members as [ Array(10) ]" type="AssertionError"><![CDATA[AssertionError: expected [ Array(10) ] to have the same members as [ Array(10) ]
    at Context.it (test/submit.test.js:64:32)]]></failure>
    </testcase>
    <testcase name="Fifa data processing q6" time="1.537" classname="q6">
    </testcase>
  </testsuite>
</testsuites>