<?xml version="1.0" encoding="UTF-8"?>
<testsuites name="jest tests" tests="5" failures="0" time="1.76">
  <testsuite name="GET /v1/students should" errors="0" failures="0" skipped="0" timestamp="2020-02-29T17:34:34" time="1.122" tests="5">
    <testcase classname="GET /v1/students should return all students" name="GET /v1/students should return all students" time="0.064">
    </testcase>
    <testcase classname="GET /v1/students/:id should return student based on id" name="GET /v1/students/:id should return student based on id" time="0.048">
    </testcase>
    <testcase classname="POST /v1/students should create a new occurence" name="POST /v1/students should create a new occurence" time="0.069">
    </testcase>
    <testcase classname="PATCH /v1/students/:id should update occurrence based on id" name="PATCH /v1/students/:id should update occurrence based on id" time="0.048">
    </testcase>
    <testcase classname="DELETE /v1/students/:id should delete occurrence based on id" name="DELETE /v1/students/:id should delete occurrence based on id" time="0.044">
    </testcase>
  </testsuite>
</testsuites>